
--- 2025-06-23T11:12:44.280Z debug
🪵  Writing logs to "/root/.config/.wrangler/logs/wrangler-2025-06-23_11-12-44_222.log"
---

--- 2025-06-23T11:12:44.280Z log
[90m[39m
[90mCloudflare collects anonymous telemetry about your usage of Wrangler. Learn more at https://github.com/cloudflare/workers-sdk/tree/main/packages/wrangler/telemetry.md[39m
---

--- 2025-06-23T11:12:44.282Z debug
Metrics dispatcher: Posting data {"deviceId":"062a28bd-920b-45bb-a2e0-05a10052a08b","event":"wrangler command started","timestamp":1750677164282,"properties":{"amplitude_session_id":1750677164280,"amplitude_event_id":0,"wranglerVersion":"4.20.5","osPlatform":"Linux","osVersion":"#1 SMP Tue May 20 15:19:05 UTC 2025","nodeVersion":20,"packageManager":"npm","isFirstUsage":false,"configFileType":"jsonc","isCI":false,"isPagesCI":false,"isWorkersCI":false,"isInteractive":true,"hasAssets":false,"argsUsed":[],"argsCombination":"","command":"wrangler dev","args":{"xJsonConfig":true,"j":true,"latest":true,"noBundle":false,"remote":false,"r":false,"testScheduled":false,"xVectorizeBindToProd":false,"xImagesLocalMode":false}}}
---

--- 2025-06-23T11:12:44.286Z debug
.env file not found at ".env". Continuing... For more details, refer to https://developers.cloudflare.com/workers/wrangler/system-environment-variables/
---

--- 2025-06-23T11:12:45.504Z log

 ⛅️ wrangler 4.20.5
[38;5;214m───────────────────[39m
---

--- 2025-06-23T11:12:45.515Z debug
.env file not found at ".dev.vars". Continuing... For more details, refer to https://developers.cloudflare.com/workers/wrangler/system-environment-variables/
---

--- 2025-06-23T11:12:45.519Z debug
DevEnv teardown beginning...
---

--- 2025-06-23T11:12:45.519Z debug
ConfigController teardown beginning...
---

--- 2025-06-23T11:12:45.519Z debug
BundlerController teardown beginning...
---

--- 2025-06-23T11:12:45.519Z debug
LocalRuntimeController teardown beginning...
---

--- 2025-06-23T11:12:45.519Z debug
RemoteRuntimeController teardown beginning...
---

--- 2025-06-23T11:12:45.519Z debug
RemoteRuntimeController teardown complete
---

--- 2025-06-23T11:12:45.520Z debug
ProxyController teardown beginning...
---

--- 2025-06-23T11:12:45.520Z debug
ConfigController teardown complete
---

--- 2025-06-23T11:12:45.520Z debug
BundlerController teardown complete
---

--- 2025-06-23T11:12:45.520Z debug
LocalRuntimeController teardown complete
---

--- 2025-06-23T11:12:45.520Z debug
ProxyController teardown complete
---

--- 2025-06-23T11:12:45.520Z debug
DevEnv teardown complete
---

--- 2025-06-23T11:12:45.520Z log

---

--- 2025-06-23T11:12:45.538Z error
[31m✘ [41;31m[[41;97mERROR[41;31m][0m [1mgetaddrinfo EAI_AGAIN localhost[0m


---

--- 2025-06-23T11:12:45.539Z debug
Error: getaddrinfo EAI_AGAIN localhost
    at GetAddrInfoReqWrap.onlookup [as oncomplete] (node:dns:109:26)
    at GetAddrInfoReqWrap.callbackTrampoline (node:internal/async_hooks:130:17)
---

--- 2025-06-23T11:12:45.539Z log
[32mIf you think this is a bug then please create an issue at https://github.com/cloudflare/workers-sdk/issues/new/choose[0m
---
