[33083] [0;33m*[0m Syncing theme #171663327581 on 994948-b4.myshopify.com
[33083] [?25l[33083] [0m[46m                                                                                                                               [1;47m[0m 100%[33083] [1A[1G
[33083] [0m[46m                                                                                                                               [1;47m[0m 100%[33083] [1A[1G
[33083] [0m[46m                                                                                                                               [1;47m[0m 100%
[33083] [?25h[0;38;5;244m  • 16:13:42[0m Synced [0;38;5;244m»[0m [0;38;5;244mupdate assets/main.css.map[0m
[0;38;5;244m  • 16:13:42[0m Synced [0;38;5;244m»[0m [0;38;5;244mupdate assets/main.css[0m
[0;38;5;244m  • 16:13:44[0m Synced [0;38;5;244m»[0m [0;38;5;244mupdate assets/tailwind.css[0m
[0;38;5;244m  • 16:14:35[0m Synced [0;38;5;244m»[0m [0;38;5;244mupdate assets/main.css[0m
[0;38;5;244m  • 16:14:35[0m Synced [0;38;5;244m»[0m [0;38;5;244mupdate assets/main.css.map[0m
[0;38;5;244m  • 16:27:59[0m Synced [0;38;5;244m»[0m [0;38;5;244mupdate sections/main-rolex-contact-us.liquid[0m
[0;38;5;244m  • 16:27:59[0m Synced [0;38;5;244m»[0m [0;38;5;244mupdate snippets/header-menu-charles-fox.liquid[0m
[0;38;5;244m  • 16:27:59[0m Synced [0;38;5;244m»[0m [0;38;5;244mupdate assets/main.css.map[0m
[0;38;5;244m  • 16:28:00[0m Synced [0;38;5;244m»[0m [0;38;5;244mupdate assets/main.css[0m
[0;38;5;244m  • 16:28:01[0m Synced [0;38;5;244m»[0m [0;38;5;244mupdate assets/global.js[0m
[0;38;5;244m  • 16:28:01[0m Synced [0;38;5;244m»[0m [0;38;5;244mupdate assets/tailwind.css[0m
[0;38;5;244m  • 16:28:02[0m Synced [0;38;5;244m»[0m [0;38;5;244mdelete assets/breitling-watch3.webp[0m
[0;38;5;244m  • 16:28:02[0m Synced [0;38;5;244m»[0m [0;38;5;244mdelete assets/preowned_1174x485.webp[0m
[0;38;5;244m  • 16:28:23[0m Synced [0;38;5;244m»[0m [0;38;5;244mupdate assets/main.css.map[0m
[0;38;5;244m  • 16:28:23[0m Synced [0;38;5;244m»[0m [0;38;5;244mupdate assets/main.css[0m
[0;38;5;244m  • 16:28:24[0m Synced [0;38;5;244m»[0m [0;38;5;244mupdate sections/main-rolex-contact-us.liquid[0m
[0;38;5;244m  • 16:28:25[0m Synced [0;38;5;244m»[0m [0;38;5;244mupdate assets/tailwind.css[0m
[0;38;5;244m  • 16:28:26[0m Synced [0;38;5;244m»[0m [0;38;5;244mupdate assets/main.css.map[0m
[0;38;5;244m  • 16:28:27[0m Synced [0;38;5;244m»[0m [0;38;5;244mupdate assets/global.js[0m
[0;38;5;244m  • 16:28:27[0m Synced [0;38;5;244m»[0m [0;38;5;244mupdate assets/main.css.map[0m
[0;38;5;244m  • 16:28:28[0m Synced [0;38;5;244m»[0m [0;38;5;244mupdate assets/main.css[0m
[0;38;5;244m  • 16:28:30[0m Synced [0;38;5;244m»[0m [0;38;5;244mupdate assets/main.css[0m
[0;38;5;244m  • 16:28:30[0m Synced [0;38;5;244m»[0m [0;38;5;244mupdate assets/tailwind.css[0m
[33083] [0mStopping…
[33083] [0mStopping…
