[2025-11-12 14:25:45.732]: Info: Sunshine version: 2025.924.154138 commit: 86188d47a7463b0f73b35de18a628353adeaa20e
[2025-11-12 14:25:45.733]: Info: Package Publisher: LizardByte
[2025-11-12 14:25:45.733]: Info: Publisher Website: https://app.lizardbyte.dev
[2025-11-12 14:25:45.733]: Info: Get support: https://app.lizardbyte.dev/support
[2025-11-12 14:25:45.765]: Warning: No gamepad input is available
[2025-11-12 14:25:45.765]: Info: // Testing for available encoders, this may generate errors. You can safely ignore those errors. //
[2025-11-12 14:25:45.765]: Info: Trying encoder [videotoolbox]
[2025-11-12 14:25:45.781]: Info: Detecting displays
[2025-11-12 14:25:45.781]: Info: Detected display: Built-in Retina Display (id: 1) connected: true
[2025-11-12 14:25:45.781]: Info: Configuring selected display (1) to stream
[2025-11-12 14:25:45.785]: Info: Creating encoder [h264_videotoolbox]
[2025-11-12 14:25:45.785]: Info: Color coding: SDR (Rec. 601)
[2025-11-12 14:25:45.785]: Info: Color depth: 8-bit
[2025-11-12 14:25:45.785]: Info: Color range: JPEG
[2025-11-12 14:25:45.786]: Info: Streaming bitrate is 1000000
[2025-11-12 14:25:46.129]: Warning: [h264_videotoolbox @ 0xb90d38000] PrioritizeEncodingSpeedOverQuality property is not supported on this device. Ignoring.
[2025-11-12 14:25:46.130]: Info: [h264_videotoolbox @ 0xb90d38000] This device does not support the AllowOpenGop option. Value ignored.
[2025-11-12 14:25:46.350]: Info: Creating encoder [hevc_videotoolbox]
[2025-11-12 14:25:46.350]: Info: Color coding: SDR (Rec. 601)
[2025-11-12 14:25:46.350]: Info: Color depth: 8-bit
[2025-11-12 14:25:46.350]: Info: Color range: JPEG
[2025-11-12 14:25:46.350]: Info: Streaming bitrate is 1000000
[2025-11-12 14:25:46.359]: Warning: [hevc_videotoolbox @ 0xb90d38000] PrioritizeEncodingSpeedOverQuality property is not supported on this device. Ignoring.
[2025-11-12 14:25:46.360]: Info: [hevc_videotoolbox @ 0xb90d38000] This device does not support the AllowOpenGop option. Value ignored.
[2025-11-12 14:25:46.504]: Info: Creating encoder [av1_videotoolbox]
[2025-11-12 14:25:46.504]: Info: Color coding: SDR (Rec. 601)
[2025-11-12 14:25:46.504]: Info: Color depth: 8-bit
[2025-11-12 14:25:46.504]: Info: Color range: JPEG
[2025-11-12 14:25:46.504]: Error: Couldn't open [av1_videotoolbox]
[2025-11-12 14:25:46.506]: Info: Detecting displays
[2025-11-12 14:25:46.506]: Info: Detected display: Built-in Retina Display (id: 1) connected: true
[2025-11-12 14:25:46.506]: Info: Configuring selected display (1) to stream
[2025-11-12 14:25:46.506]: Info: Creating encoder [hevc_videotoolbox]
[2025-11-12 14:25:46.506]: Info: Color coding: SDR (Rec. 709)
[2025-11-12 14:25:46.506]: Info: Color depth: 10-bit
[2025-11-12 14:25:46.506]: Info: Color range: JPEG
[2025-11-12 14:25:46.506]: Info: Streaming bitrate is 1000000
[2025-11-12 14:25:46.508]: Warning: [hevc_videotoolbox @ 0xb90d38000] PrioritizeEncodingSpeedOverQuality property is not supported on this device. Ignoring.
[2025-11-12 14:25:46.509]: Info: [hevc_videotoolbox @ 0xb90d38000] This device does not support the AllowOpenGop option. Value ignored.
[2025-11-12 14:25:46.663]: Info: 
[2025-11-12 14:25:46.663]: Info: // Ignore any errors mentioned above, they are not relevant. //
[2025-11-12 14:25:46.663]: Info: 
[2025-11-12 14:25:46.663]: Info: Found H.264 encoder: h264_videotoolbox [videotoolbox]
[2025-11-12 14:25:46.663]: Info: Found HEVC encoder: hevc_videotoolbox [videotoolbox]
[2025-11-12 14:25:46.663]: Info: Starting system tray
[2025-11-12 14:25:46.666]: Info: Configuration UI available at [https://localhost:47990]
[2025-11-12 14:25:46.712]: Info: System tray created
[2025-11-12 14:25:46.712]: Info: Starting main loop
[2025-11-12 14:25:47.342]: Info: Successfully registered DNS service.
[2025-11-12 14:25:50.866]: Info: Web UI: [127.0.0.1] -- not authorized
[2025-11-12 14:25:50.868]: Info: Web UI: [127.0.0.1] -- not authorized
[2025-11-12 14:25:50.878]: Info: Web UI: [127.0.0.1] -- not authorized
[2025-11-12 14:30:43.004]: Info: Quitting from system tray
[2025-11-12 14:30:43.005]: Info: Interrupt handler called
[2025-11-12 14:30:43.005]: Error: Couldn't accept incoming connections: Operation canceled
[2025-11-12 14:30:43.103]: Info: Shutdown event detected, breaking main loop
